106.08.29 08:57 B C:\Inetpub\wwwroot\va\libreria\fpdf\font\courier.php <-- OS /www/va/libreria/fpdf/font courier.php
106.08.29 08:57 B C:\Inetpub\wwwroot\va\libreria\fpdf\font\helvetica.php <-- OS /www/va/libreria/fpdf/font helvetica.php
106.08.29 08:57 B C:\Inetpub\wwwroot\va\libreria\fpdf\font\helveticab.php <-- OS /www/va/libreria/fpdf/font helveticab.php
106.08.29 08:57 B C:\Inetpub\wwwroot\va\libreria\fpdf\font\helveticabi.php <-- OS /www/va/libreria/fpdf/font helveticabi.php
106.08.29 08:57 B C:\Inetpub\wwwroot\va\libreria\fpdf\font\helveticai.php <-- OS /www/va/libreria/fpdf/font helveticai.php
106.08.29 08:57 B C:\Inetpub\wwwroot\va\libreria\fpdf\font\symbol.php <-- OS /www/va/libreria/fpdf/font symbol.php
106.08.29 08:57 B C:\Inetpub\wwwroot\va\libreria\fpdf\font\times.php <-- OS /www/va/libreria/fpdf/font times.php
106.08.29 08:57 B C:\Inetpub\wwwroot\va\libreria\fpdf\font\timesb.php <-- OS /www/va/libreria/fpdf/font timesb.php
106.08.29 08:57 B C:\Inetpub\wwwroot\va\libreria\fpdf\font\timesbi.php <-- OS /www/va/libreria/fpdf/font timesbi.php
106.08.29 08:57 B C:\Inetpub\wwwroot\va\libreria\fpdf\font\timesi.php <-- OS /www/va/libreria/fpdf/font timesi.php
106.08.29 08:57 B C:\Inetpub\wwwroot\va\libreria\fpdf\font\zapfdingbats.php <-- OS /www/va/libreria/fpdf/font zapfdingbats.php
106.08.29 09:07 B C:\Inetpub\wwwroot\va\libreria\fpdf\font\courier.php <-- OS /www/va/libreria/fpdf/font courier.php
106.08.29 09:07 B C:\Inetpub\wwwroot\va\libreria\fpdf\font\helvetica.php <-- OS /www/va/libreria/fpdf/font helvetica.php
106.08.29 09:07 B C:\Inetpub\wwwroot\va\libreria\fpdf\font\helveticab.php <-- OS /www/va/libreria/fpdf/font helveticab.php
106.08.29 09:07 B C:\Inetpub\wwwroot\va\libreria\fpdf\font\helveticabi.php <-- OS /www/va/libreria/fpdf/font helveticabi.php
106.08.29 09:07 B C:\Inetpub\wwwroot\va\libreria\fpdf\font\helveticai.php <-- OS /www/va/libreria/fpdf/font helveticai.php
106.08.29 09:07 B C:\Inetpub\wwwroot\va\libreria\fpdf\font\symbol.php <-- OS /www/va/libreria/fpdf/font symbol.php
106.08.29 09:07 B C:\Inetpub\wwwroot\va\libreria\fpdf\font\times.php <-- OS /www/va/libreria/fpdf/font times.php
106.08.29 09:07 B C:\Inetpub\wwwroot\va\libreria\fpdf\font\timesb.php <-- OS /www/va/libreria/fpdf/font timesb.php
106.08.29 09:07 B C:\Inetpub\wwwroot\va\libreria\fpdf\font\timesbi.php <-- OS /www/va/libreria/fpdf/font timesbi.php
106.08.29 09:07 B C:\Inetpub\wwwroot\va\libreria\fpdf\font\timesi.php <-- OS /www/va/libreria/fpdf/font timesi.php
106.08.29 09:07 B C:\Inetpub\wwwroot\va\libreria\fpdf\font\zapfdingbats.php <-- OS /www/va/libreria/fpdf/font zapfdingbats.php
