106.08.29 08:57 B C:\Inetpub\wwwroot\va\libreria\fpdf\font\makefont\cp1250.map <-- OS /www/va/libreria/fpdf/font/makefont cp1250.map
106.08.29 08:57 B C:\Inetpub\wwwroot\va\libreria\fpdf\font\makefont\cp1251.map <-- OS /www/va/libreria/fpdf/font/makefont cp1251.map
106.08.29 08:57 B C:\Inetpub\wwwroot\va\libreria\fpdf\font\makefont\cp1252.map <-- OS /www/va/libreria/fpdf/font/makefont cp1252.map
106.08.29 08:57 B C:\Inetpub\wwwroot\va\libreria\fpdf\font\makefont\cp1253.map <-- OS /www/va/libreria/fpdf/font/makefont cp1253.map
106.08.29 08:57 B C:\Inetpub\wwwroot\va\libreria\fpdf\font\makefont\cp1254.map <-- OS /www/va/libreria/fpdf/font/makefont cp1254.map
106.08.29 08:57 B C:\Inetpub\wwwroot\va\libreria\fpdf\font\makefont\cp1255.map <-- OS /www/va/libreria/fpdf/font/makefont cp1255.map
106.08.29 08:57 B C:\Inetpub\wwwroot\va\libreria\fpdf\font\makefont\cp1257.map <-- OS /www/va/libreria/fpdf/font/makefont cp1257.map
106.08.29 08:57 B C:\Inetpub\wwwroot\va\libreria\fpdf\font\makefont\cp1258.map <-- OS /www/va/libreria/fpdf/font/makefont cp1258.map
106.08.29 08:57 B C:\Inetpub\wwwroot\va\libreria\fpdf\font\makefont\cp874.map <-- OS /www/va/libreria/fpdf/font/makefont cp874.map
106.08.29 08:57 B C:\Inetpub\wwwroot\va\libreria\fpdf\font\makefont\iso-8859-1.map <-- OS /www/va/libreria/fpdf/font/makefont iso-8859-1.map
106.08.29 08:57 B C:\Inetpub\wwwroot\va\libreria\fpdf\font\makefont\iso-8859-11.map <-- OS /www/va/libreria/fpdf/font/makefont iso-8859-11.map
106.08.29 08:57 B C:\Inetpub\wwwroot\va\libreria\fpdf\font\makefont\iso-8859-15.map <-- OS /www/va/libreria/fpdf/font/makefont iso-8859-15.map
106.08.29 08:57 B C:\Inetpub\wwwroot\va\libreria\fpdf\font\makefont\iso-8859-16.map <-- OS /www/va/libreria/fpdf/font/makefont iso-8859-16.map
106.08.29 08:57 B C:\Inetpub\wwwroot\va\libreria\fpdf\font\makefont\iso-8859-2.map <-- OS /www/va/libreria/fpdf/font/makefont iso-8859-2.map
106.08.29 08:57 B C:\Inetpub\wwwroot\va\libreria\fpdf\font\makefont\iso-8859-4.map <-- OS /www/va/libreria/fpdf/font/makefont iso-8859-4.map
106.08.29 08:57 B C:\Inetpub\wwwroot\va\libreria\fpdf\font\makefont\iso-8859-5.map <-- OS /www/va/libreria/fpdf/font/makefont iso-8859-5.map
106.08.29 08:57 B C:\Inetpub\wwwroot\va\libreria\fpdf\font\makefont\iso-8859-7.map <-- OS /www/va/libreria/fpdf/font/makefont iso-8859-7.map
106.08.29 08:57 B C:\Inetpub\wwwroot\va\libreria\fpdf\font\makefont\iso-8859-9.map <-- OS /www/va/libreria/fpdf/font/makefont iso-8859-9.map
106.08.29 08:57 B C:\Inetpub\wwwroot\va\libreria\fpdf\font\makefont\koi8-r.map <-- OS /www/va/libreria/fpdf/font/makefont koi8-r.map
106.08.29 08:57 B C:\Inetpub\wwwroot\va\libreria\fpdf\font\makefont\koi8-u.map <-- OS /www/va/libreria/fpdf/font/makefont koi8-u.map
106.08.29 08:57 B C:\Inetpub\wwwroot\va\libreria\fpdf\font\makefont\makefont.php <-- OS /www/va/libreria/fpdf/font/makefont makefont.php
106.08.29 09:05 B C:\Inetpub\wwwroot\va\libreria\fpdf\font\makefont\cp1250.map <-- OS /www/va/libreria/fpdf/font/makefont cp1250.map
106.08.29 09:05 B C:\Inetpub\wwwroot\va\libreria\fpdf\font\makefont\cp1251.map <-- OS /www/va/libreria/fpdf/font/makefont cp1251.map
106.08.29 09:05 B C:\Inetpub\wwwroot\va\libreria\fpdf\font\makefont\cp1252.map <-- OS /www/va/libreria/fpdf/font/makefont cp1252.map
106.08.29 09:05 B C:\Inetpub\wwwroot\va\libreria\fpdf\font\makefont\cp1253.map <-- OS /www/va/libreria/fpdf/font/makefont cp1253.map
106.08.29 09:05 B C:\Inetpub\wwwroot\va\libreria\fpdf\font\makefont\cp1254.map <-- OS /www/va/libreria/fpdf/font/makefont cp1254.map
106.08.29 09:05 B C:\Inetpub\wwwroot\va\libreria\fpdf\font\makefont\cp1255.map <-- OS /www/va/libreria/fpdf/font/makefont cp1255.map
106.08.29 09:06 B C:\Inetpub\wwwroot\va\libreria\fpdf\font\makefont\cp1257.map <-- OS /www/va/libreria/fpdf/font/makefont cp1257.map
106.08.29 09:06 B C:\Inetpub\wwwroot\va\libreria\fpdf\font\makefont\cp1258.map <-- OS /www/va/libreria/fpdf/font/makefont cp1258.map
106.08.29 09:06 B C:\Inetpub\wwwroot\va\libreria\fpdf\font\makefont\cp874.map <-- OS /www/va/libreria/fpdf/font/makefont cp874.map
106.08.29 09:06 B C:\Inetpub\wwwroot\va\libreria\fpdf\font\makefont\iso-8859-1.map <-- OS /www/va/libreria/fpdf/font/makefont iso-8859-1.map
106.08.29 09:06 B C:\Inetpub\wwwroot\va\libreria\fpdf\font\makefont\iso-8859-11.map <-- OS /www/va/libreria/fpdf/font/makefont iso-8859-11.map
106.08.29 09:06 B C:\Inetpub\wwwroot\va\libreria\fpdf\font\makefont\iso-8859-15.map <-- OS /www/va/libreria/fpdf/font/makefont iso-8859-15.map
106.08.29 09:06 B C:\Inetpub\wwwroot\va\libreria\fpdf\font\makefont\iso-8859-16.map <-- OS /www/va/libreria/fpdf/font/makefont iso-8859-16.map
106.08.29 09:06 B C:\Inetpub\wwwroot\va\libreria\fpdf\font\makefont\iso-8859-2.map <-- OS /www/va/libreria/fpdf/font/makefont iso-8859-2.map
106.08.29 09:06 B C:\Inetpub\wwwroot\va\libreria\fpdf\font\makefont\iso-8859-4.map <-- OS /www/va/libreria/fpdf/font/makefont iso-8859-4.map
106.08.29 09:06 B C:\Inetpub\wwwroot\va\libreria\fpdf\font\makefont\iso-8859-5.map <-- OS /www/va/libreria/fpdf/font/makefont iso-8859-5.map
106.08.29 09:06 B C:\Inetpub\wwwroot\va\libreria\fpdf\font\makefont\iso-8859-7.map <-- OS /www/va/libreria/fpdf/font/makefont iso-8859-7.map
106.08.29 09:06 B C:\Inetpub\wwwroot\va\libreria\fpdf\font\makefont\iso-8859-9.map <-- OS /www/va/libreria/fpdf/font/makefont iso-8859-9.map
106.08.29 09:06 B C:\Inetpub\wwwroot\va\libreria\fpdf\font\makefont\koi8-r.map <-- OS /www/va/libreria/fpdf/font/makefont koi8-r.map
106.08.29 09:06 B C:\Inetpub\wwwroot\va\libreria\fpdf\font\makefont\koi8-u.map <-- OS /www/va/libreria/fpdf/font/makefont koi8-u.map
106.08.29 09:06 B C:\Inetpub\wwwroot\va\libreria\fpdf\font\makefont\makefont.php <-- OS /www/va/libreria/fpdf/font/makefont makefont.php
